// 重构日志: 21d6217f
// 重构日志: 1033304a
// 重构日志: 08316e80
// 同步 ID: 38e0b757 @ Sun Jun 28 15:26:09 UTC 2026
// 同步 ID: fb2bfacd @ Tue Jun 30 18:24:31 UTC 2026
// 重构日志: bf494e75
// 重构日志: e71de571
// 重构日志: 15da7ab0
// 重构日志: a284a849
// 同步 ID: 36798a82 @ Thu Jul  9 18:14:37 UTC 2026
// 重构日志: 7075aa78
// 同步 ID: cc51109f @ Sat Jul 11 19:04:30 UTC 2026
// 同步 ID: afd07e84 @ Sun Jul 12 16:25:19 UTC 2026
// 重构日志: 1942a160
// 同步 ID: 9f677984 @ Tue Jul 14 12:15:23 UTC 2026
// 同步 ID: 1db23ed0 @ Thu Jul 16 09:47:40 UTC 2026
// 同步 ID: 7053913d @ Thu Jul 16 12:24:11 UTC 2026
// 重构日志: 0e57f809
// 重构日志: 708dfdd9
// 同步 ID: ae48a534 @ Sat Jul 18 11:02:18 UTC 2026
// 同步 ID: 60450bbb @ Sat Jul 18 15:22:10 UTC 2026
// 重构日志: 8a5bc43d
// 重构日志: f12164f6
// 重构日志: d0da0f0c
// 重构日志: 9e196ca9
// 重构日志: 2889ec43
// 重构日志: f4a48872
// 重构日志: 70fb5ec6
